<?xml version="1.0" encoding="UTF-8"?>
<!-- Generated by org.testng.reporters.JUnitXMLReporter -->
<testsuite ignored="6" hostname="DESKTOP-NEBTV1H" failures="0" tests="4" name="Internet Banking Regression Suite" time="38.029" errors="0" timestamp="20 Apr 2022 04:39:20 GMT">
  <testcase classname="com.inetBanking.testClases.TC_LoginTest_001" name="loginTest" time="5.121"/>
  <testcase classname="com.inetBanking.testClases.TC_NewCustomerTest_002" name="addNewCustomer" time="13.082"/>
  <testcase classname="com.inetBanking.testClases.TC_EditCustomerTest_003" name="editCustomer" time="4.788"/>
  <testcase classname="com.inetBanking.testClases.TC_NewAccountTest_004" name="NewAccount" time="7.036"/>
  <testcase classname="com.inetBanking.testClases.BaseClass" name="@BeforeTest setup" time="0.0">
    <ignored/>
  </testcase> <!-- @BeforeTest setup -->
  <testcase classname="com.inetBanking.testClases.BaseClass" name="@BeforeTest setup" time="0.0">
    <ignored/>
  </testcase> <!-- @BeforeTest setup -->
  <testcase classname="com.inetBanking.testClases.BaseClass" name="@BeforeTest setup" time="0.0">
    <ignored/>
  </testcase> <!-- @BeforeTest setup -->
  <testcase classname="com.inetBanking.testClases.BaseClass" name="@AfterTest tearDown" time="0.0">
    <ignored/>
  </testcase> <!-- @AfterTest tearDown -->
  <testcase classname="com.inetBanking.testClases.BaseClass" name="@AfterTest tearDown" time="0.0">
    <ignored/>
  </testcase> <!-- @AfterTest tearDown -->
  <testcase classname="com.inetBanking.testClases.BaseClass" name="@AfterTest tearDown" time="0.0">
    <ignored/>
  </testcase> <!-- @AfterTest tearDown -->
</testsuite> <!-- Internet Banking Regression Suite -->
